# JRE version: Java(TM) SE Runtime Environment (8.0_40-b26) (build 1.8.0_40-b26)
# Java VM: Java HotSpot(TM) 64-Bit Server VM (25.40-b25 mixed mode linux-amd64 compressed oops)
Heap:
 PSYoungGen      total 116736K, used 0K [0x00000000f5580000, 0x0000000100000000, 0x0000000100000000)
  eden space 58880K, 0% used [0x00000000f5580000,0x00000000f5580000,0x00000000f8f00000)
  from space 57856K, 0% used [0x00000000fc780000,0x00000000fc780000,0x0000000100000000)
  to   space 57856K, 0% used [0x00000000f8f00000,0x00000000f8f00000,0x00000000fc780000)
 ParOldGen       total 240128K, used 219402K [0x00000000e0000000, 0x00000000eea80000, 0x00000000f5580000)
  object space 240128K, 91% used [0x00000000e0000000,0x00000000ed642918,0x00000000eea80000)
 Metaspace       used 20562K, capacity 21160K, committed 21248K, reserved 1069056K
  class space    used 2146K, capacity 2256K, committed 2304K, reserved 1048576K
GC Heap History (10 events):
Event: 5,979 GC heap after
Heap after GC invocations=17 (full 3):
 PSYoungGen      total 116736K, used 18517K [0x00000000f5580000, 0x0000000100000000, 0x0000000100000000)
  eden space 58880K, 0% used [0x00000000f5580000,0x00000000f5580000,0x00000000f8f00000)
  from space 57856K, 32% used [0x00000000fc780000,0x00000000fd995548,0x0000000100000000)
  to   space 57856K, 0% used [0x00000000f8f00000,0x00000000f8f00000,0x00000000fc780000)
 ParOldGen       total 240128K, used 171580K [0x00000000e0000000, 0x00000000eea80000, 0x00000000f5580000)
  object space 240128K, 71% used [0x00000000e0000000,0x00000000ea78f238,0x00000000eea80000)
 Metaspace       used 17234K, capacity 17518K, committed 17920K, reserved 1064960K
  class space    used 1892K, capacity 1937K, committed 2048K, reserved 1048576K
}
Event: 6,274 GC heap before
{Heap before GC invocations=18 (full 3):
 PSYoungGen      total 116736K, used 77397K [0x00000000f5580000, 0x0000000100000000, 0x0000000100000000)
  eden space 58880K, 100% used [0x00000000f5580000,0x00000000f8f00000,0x00000000f8f00000)
  from space 57856K, 32% used [0x00000000fc780000,0x00000000fd995548,0x0000000100000000)
  to   space 57856K, 0% used [0x00000000f8f00000,0x00000000f8f00000,0x00000000fc780000)
 ParOldGen       total 240128K, used 171580K [0x00000000e0000000, 0x00000000eea80000, 0x00000000f5580000)
  object space 240128K, 71% used [0x00000000e0000000,0x00000000ea78f238,0x00000000eea80000)
 Metaspace       used 17259K, capacity 17518K, committed 17920K, reserved 1064960K
  class space    used 1898K, capacity 1937K, committed 2048K, reserved 1048576K
Event: 6,302 GC heap after
Heap after GC invocations=18 (full 3):
 PSYoungGen      total 116736K, used 17167K [0x00000000f5580000, 0x0000000100000000, 0x0000000100000000)
  eden space 58880K, 0% used [0x00000000f5580000,0x00000000f5580000,0x00000000f8f00000)
  from space 57856K, 29% used [0x00000000f8f00000,0x00000000f9fc3d00,0x00000000fc780000)
  to   space 57856K, 0% used [0x00000000fc780000,0x00000000fc780000,0x0000000100000000)
 ParOldGen       total 240128K, used 187312K [0x00000000e0000000, 0x00000000eea80000, 0x00000000f5580000)
  object space 240128K, 78% used [0x00000000e0000000,0x00000000eb6ec038,0x00000000eea80000)
 Metaspace       used 17259K, capacity 17518K, committed 17920K, reserved 1064960K
  class space    used 1898K, capacity 1937K, committed 2048K, reserved 1048576K
}
Event: 6,648 GC heap before
{Heap before GC invocations=19 (full 3):
 PSYoungGen      total 116736K, used 76047K [0x00000000f5580000, 0x0000000100000000, 0x0000000100000000)
  eden space 58880K, 100% used [0x00000000f5580000,0x00000000f8f00000,0x00000000f8f00000)
  from space 57856K, 29% used [0x00000000f8f00000,0x00000000f9fc3d00,0x00000000fc780000)
  to   space 57856K, 0% used [0x00000000fc780000,0x00000000fc780000,0x0000000100000000)
 ParOldGen       total 240128K, used 187312K [0x00000000e0000000, 0x00000000eea80000, 0x00000000f5580000)
  object space 240128K, 78% used [0x00000000e0000000,0x00000000eb6ec038,0x00000000eea80000)
 Metaspace       used 17512K, capacity 17774K, committed 18176K, reserved 1064960K
  class space    used 1904K, capacity 1937K, committed 2048K, reserved 1048576K
Event: 6,678 GC heap after
Heap after GC invocations=19 (full 3):
 PSYoungGen      total 116736K, used 1609K [0x00000000f5580000, 0x0000000100000000, 0x0000000100000000)
  eden space 58880K, 0% used [0x00000000f5580000,0x00000000f5580000,0x00000000f8f00000)
  from space 57856K, 2% used [0x00000000fc780000,0x00000000fc9127a0,0x0000000100000000)
  to   space 57856K, 0% used [0x00000000f8f00000,0x00000000f8f00000,0x00000000fc780000)
 ParOldGen       total 240128K, used 201776K [0x00000000e0000000, 0x00000000eea80000, 0x00000000f5580000)
  object space 240128K, 84% used [0x00000000e0000000,0x00000000ec50c330,0x00000000eea80000)
 Metaspace       used 17512K, capacity 17774K, committed 18176K, reserved 1064960K
  class space    used 1904K, capacity 1937K, committed 2048K, reserved 1048576K
}
Event: 7,865 GC heap before
{Heap before GC invocations=20 (full 3):
 PSYoungGen      total 116736K, used 60489K [0x00000000f5580000, 0x0000000100000000, 0x0000000100000000)
  eden space 58880K, 100% used [0x00000000f5580000,0x00000000f8f00000,0x00000000f8f00000)
  from space 57856K, 2% used [0x00000000fc780000,0x00000000fc9127a0,0x0000000100000000)
  to   space 57856K, 0% used [0x00000000f8f00000,0x00000000f8f00000,0x00000000fc780000)
 ParOldGen       total 240128K, used 201776K [0x00000000e0000000, 0x00000000eea80000, 0x00000000f5580000)
  object space 240128K, 84% used [0x00000000e0000000,0x00000000ec50c330,0x00000000eea80000)
 Metaspace       used 19244K, capacity 19728K, committed 19840K, reserved 1067008K
  class space    used 2078K, capacity 2172K, committed 2176K, reserved 1048576K
Event: 7,915 GC heap after
Heap after GC invocations=20 (full 3):
 PSYoungGen      total 116736K, used 18476K [0x00000000f5580000, 0x0000000100000000, 0x0000000100000000)
  eden space 58880K, 0% used [0x00000000f5580000,0x00000000f5580000,0x00000000f8f00000)
  from space 57856K, 31% used [0x00000000f8f00000,0x00000000fa10b378,0x00000000fc780000)
  to   space 57856K, 0% used [0x00000000fc780000,0x00000000fc780000,0x0000000100000000)
 ParOldGen       total 240128K, used 203176K [0x00000000e0000000, 0x00000000eea80000, 0x00000000f5580000)
  object space 240128K, 84% used [0x00000000e0000000,0x00000000ec66a058,0x00000000eea80000)
 Metaspace       used 19244K, capacity 19728K, committed 19840K, reserved 1067008K
  class space    used 2078K, capacity 2172K, committed 2176K, reserved 1048576K
}
Event: 9,755 GC heap before
{Heap before GC invocations=21 (full 3):
 PSYoungGen      total 116736K, used 77356K [0x00000000f5580000, 0x0000000100000000, 0x0000000100000000)
  eden space 58880K, 100% used [0x00000000f5580000,0x00000000f8f00000,0x00000000f8f00000)
  from space 57856K, 31% used [0x00000000f8f00000,0x00000000fa10b378,0x00000000fc780000)
  to   space 57856K, 0% used [0x00000000fc780000,0x00000000fc780000,0x0000000100000000)
 ParOldGen       total 240128K, used 203176K [0x00000000e0000000, 0x00000000eea80000, 0x00000000f5580000)
  object space 240128K, 84% used [0x00000000e0000000,0x00000000ec66a058,0x00000000eea80000)
 Metaspace       used 20562K, capacity 21160K, committed 21248K, reserved 1069056K
  class space    used 2146K, capacity 2256K, committed 2304K, reserved 1048576K
Event: 9,888 GC heap after
Heap after GC invocations=21 (full 3):
 PSYoungGen      total 116736K, used 8896K [0x00000000f5580000, 0x0000000100000000, 0x0000000100000000)
  eden space 58880K, 0% used [0x00000000f5580000,0x00000000f5580000,0x00000000f8f00000)
  from space 57856K, 15% used [0x00000000fc780000,0x00000000fd030118,0x0000000100000000)
  to   space 57856K, 0% used [0x00000000f8f00000,0x00000000f8f00000,0x00000000fc780000)
 ParOldGen       total 240128K, used 221080K [0x00000000e0000000, 0x00000000eea80000, 0x00000000f5580000)
  object space 240128K, 92% used [0x00000000e0000000,0x00000000ed7e6220,0x00000000eea80000)
 Metaspace       used 20562K, capacity 21160K, committed 21248K, reserved 1069056K
  class space    used 2146K, capacity 2256K, committed 2304K, reserved 1048576K
}
Event: 9,889 GC heap before
{Heap before GC invocations=22 (full 4):
 PSYoungGen      total 116736K, used 8896K [0x00000000f5580000, 0x0000000100000000, 0x0000000100000000)
  eden space 58880K, 0% used [0x00000000f5580000,0x00000000f5580000,0x00000000f8f00000)
  from space 57856K, 15% used [0x00000000fc780000,0x00000000fd030118,0x0000000100000000)
  to   space 57856K, 0% used [0x00000000f8f00000,0x00000000f8f00000,0x00000000fc780000)
 ParOldGen       total 240128K, used 221080K [0x00000000e0000000, 0x00000000eea80000, 0x00000000f5580000)
  object space 240128K, 92% used [0x00000000e0000000,0x00000000ed7e6220,0x00000000eea80000)
 Metaspace       used 20562K, capacity 21160K, committed 21248K, reserved 1069056K
  class space    used 2146K, capacity 2256K, committed 2304K, reserved 1048576K

